13-May-2019 23:27:21.941 WARNING [main] org.apache.catalina.startup.ClassLoaderFactory.validateFile Problem with directory [/var/lib/tomcat8/common/classes], exists: [false], isDirectory: [false], canRead: [false]
13-May-2019 23:27:21.945 WARNING [main] org.apache.catalina.startup.ClassLoaderFactory.validateFile Problem with directory [/var/lib/tomcat8/common], exists: [false], isDirectory: [false], canRead: [false]
13-May-2019 23:27:21.945 WARNING [main] org.apache.catalina.startup.ClassLoaderFactory.validateFile Problem with directory [/usr/share/tomcat8/common/classes], exists: [false], isDirectory: [false], canRead: [false]
13-May-2019 23:27:21.947 WARNING [main] org.apache.catalina.startup.ClassLoaderFactory.validateFile Problem with directory [/usr/share/tomcat8/common], exists: [false], isDirectory: [false], canRead: [false]
13-May-2019 23:27:21.952 WARNING [main] org.apache.catalina.startup.ClassLoaderFactory.validateFile Problem with directory [/var/lib/tomcat8/server/classes], exists: [false], isDirectory: [false], canRead: [false]
13-May-2019 23:27:21.956 WARNING [main] org.apache.catalina.startup.ClassLoaderFactory.validateFile Problem with directory [/var/lib/tomcat8/server], exists: [false], isDirectory: [false], canRead: [false]
13-May-2019 23:27:21.956 WARNING [main] org.apache.catalina.startup.ClassLoaderFactory.validateFile Problem with directory [/usr/share/tomcat8/server/classes], exists: [false], isDirectory: [false], canRead: [false]
13-May-2019 23:27:21.957 WARNING [main] org.apache.catalina.startup.ClassLoaderFactory.validateFile Problem with directory [/usr/share/tomcat8/server], exists: [false], isDirectory: [false], canRead: [false]
13-May-2019 23:27:21.958 WARNING [main] org.apache.catalina.startup.ClassLoaderFactory.validateFile Problem with directory [/var/lib/tomcat8/shared/classes], exists: [false], isDirectory: [false], canRead: [false]
13-May-2019 23:27:21.959 WARNING [main] org.apache.catalina.startup.ClassLoaderFactory.validateFile Problem with directory [/var/lib/tomcat8/shared], exists: [false], isDirectory: [false], canRead: [false]
13-May-2019 23:27:21.959 WARNING [main] org.apache.catalina.startup.ClassLoaderFactory.validateFile Problem with directory [/usr/share/tomcat8/shared/classes], exists: [false], isDirectory: [false], canRead: [false]
13-May-2019 23:27:21.959 WARNING [main] org.apache.catalina.startup.ClassLoaderFactory.validateFile Problem with directory [/usr/share/tomcat8/shared], exists: [false], isDirectory: [false], canRead: [false]
13-May-2019 23:27:23.118 INFO [main] org.apache.catalina.startup.VersionLoggerListener.log Server version:        Apache Tomcat/8.5.39 (Ubuntu)
13-May-2019 23:27:23.118 INFO [main] org.apache.catalina.startup.VersionLoggerListener.log Server built:          Apr 10 2019 04:45:09 UTC
13-May-2019 23:27:23.119 INFO [main] org.apache.catalina.startup.VersionLoggerListener.log Server number:         8.5.39.0
13-May-2019 23:27:23.119 INFO [main] org.apache.catalina.startup.VersionLoggerListener.log OS Name:               Linux
13-May-2019 23:27:23.119 INFO [main] org.apache.catalina.startup.VersionLoggerListener.log OS Version:            4.15.0-43-generic
13-May-2019 23:27:23.119 INFO [main] org.apache.catalina.startup.VersionLoggerListener.log Architecture:          amd64
13-May-2019 23:27:23.119 INFO [main] org.apache.catalina.startup.VersionLoggerListener.log Java Home:             /usr/lib/jvm/java-8-openjdk-amd64/jre
13-May-2019 23:27:23.119 INFO [main] org.apache.catalina.startup.VersionLoggerListener.log JVM Version:           1.8.0_191-8u191-b12-2ubuntu0.18.04.1-b12
13-May-2019 23:27:23.119 INFO [main] org.apache.catalina.startup.VersionLoggerListener.log JVM Vendor:            Oracle Corporation
13-May-2019 23:27:23.119 INFO [main] org.apache.catalina.startup.VersionLoggerListener.log CATALINA_BASE:         /var/lib/tomcat8
13-May-2019 23:27:23.119 INFO [main] org.apache.catalina.startup.VersionLoggerListener.log CATALINA_HOME:         /usr/share/tomcat8
13-May-2019 23:27:23.123 INFO [main] org.apache.catalina.startup.VersionLoggerListener.log Command line argument: -Djava.util.logging.config.file=/var/lib/tomcat8/conf/logging.properties
13-May-2019 23:27:23.123 INFO [main] org.apache.catalina.startup.VersionLoggerListener.log Command line argument: -Djava.util.logging.manager=org.apache.juli.ClassLoaderLogManager
13-May-2019 23:27:23.123 INFO [main] org.apache.catalina.startup.VersionLoggerListener.log Command line argument: -Djava.awt.headless=true
13-May-2019 23:27:23.123 INFO [main] org.apache.catalina.startup.VersionLoggerListener.log Command line argument: -XX:+UseConcMarkSweepGC
13-May-2019 23:27:23.124 INFO [main] org.apache.catalina.startup.VersionLoggerListener.log Command line argument: -Djdk.tls.ephemeralDHKeySize=2048
13-May-2019 23:27:23.124 INFO [main] org.apache.catalina.startup.VersionLoggerListener.log Command line argument: -Djava.protocol.handler.pkgs=org.apache.catalina.webresources
13-May-2019 23:27:23.124 INFO [main] org.apache.catalina.startup.VersionLoggerListener.log Command line argument: -Dorg.apache.catalina.security.SecurityListener.UMASK=0027
13-May-2019 23:27:23.127 INFO [main] org.apache.catalina.startup.VersionLoggerListener.log Command line argument: -Dignore.endorsed.dirs=
13-May-2019 23:27:23.128 INFO [main] org.apache.catalina.startup.VersionLoggerListener.log Command line argument: -Dcatalina.base=/var/lib/tomcat8
13-May-2019 23:27:23.128 INFO [main] org.apache.catalina.startup.VersionLoggerListener.log Command line argument: -Dcatalina.home=/usr/share/tomcat8
13-May-2019 23:27:23.129 INFO [main] org.apache.catalina.startup.VersionLoggerListener.log Command line argument: -Djava.io.tmpdir=/tmp/tomcat8-tomcat8-tmp
13-May-2019 23:27:23.129 INFO [main] org.apache.catalina.core.AprLifecycleListener.lifecycleEvent Loaded APR based Apache Tomcat Native library [1.2.21] using APR version [1.6.3].
13-May-2019 23:27:23.130 INFO [main] org.apache.catalina.core.AprLifecycleListener.lifecycleEvent APR capabilities: IPv6 [true], sendfile [true], accept filters [false], random [true].
13-May-2019 23:27:23.130 INFO [main] org.apache.catalina.core.AprLifecycleListener.lifecycleEvent APR/OpenSSL configuration: useAprConnector [false], useOpenSSL [true]
13-May-2019 23:27:23.144 INFO [main] org.apache.catalina.core.AprLifecycleListener.initializeSSL OpenSSL successfully initialized [OpenSSL 1.1.0g  2 Nov 2017]
13-May-2019 23:27:23.423 INFO [main] org.apache.coyote.AbstractProtocol.init Initializing ProtocolHandler ["http-nio-8080"]
13-May-2019 23:27:23.464 INFO [main] org.apache.tomcat.util.net.NioSelectorPool.getSharedSelector Using a shared selector for servlet write/read
13-May-2019 23:27:23.512 INFO [main] org.apache.catalina.startup.Catalina.load Initialization processed in 1495 ms
13-May-2019 23:27:23.575 INFO [main] org.apache.catalina.core.StandardService.startInternal Starting service [Catalina]
13-May-2019 23:27:23.576 INFO [main] org.apache.catalina.core.StandardEngine.startInternal Starting Servlet Engine: Apache Tomcat/8.5.39 (Ubuntu)
13-May-2019 23:27:23.613 INFO [localhost-startStop-1] org.apache.catalina.startup.HostConfig.deployDirectory Deploying web application directory [/var/lib/tomcat8/webapps/ROOT]
13-May-2019 23:27:25.662 INFO [localhost-startStop-1] org.apache.jasper.servlet.TldScanner.scanJars At least one JAR was scanned for TLDs yet contained no TLDs. Enable debug logging for this logger for a complete list of JARs that were scanned but no TLDs were found in them. Skipping unneeded JARs during scanning can improve startup time and JSP compilation time.
13-May-2019 23:27:25.776 INFO [localhost-startStop-1] org.apache.catalina.startup.HostConfig.deployDirectory Deployment of web application directory [/var/lib/tomcat8/webapps/ROOT] has finished in [2,160] ms
13-May-2019 23:27:25.786 INFO [main] org.apache.coyote.AbstractProtocol.start Starting ProtocolHandler ["http-nio-8080"]
13-May-2019 23:27:25.806 INFO [main] org.apache.catalina.startup.Catalina.start Server startup in 2293 ms
14-May-2019 00:01:16.014 INFO [localhost-startStop-2] org.apache.catalina.startup.HostConfig.deployWAR Deploying web application archive [/var/lib/tomcat8/webapps/viewshopmap_war.war]
14-May-2019 00:01:17.267 INFO [localhost-startStop-2] org.apache.jasper.servlet.TldScanner.scanJars At least one JAR was scanned for TLDs yet contained no TLDs. Enable debug logging for this logger for a complete list of JARs that were scanned but no TLDs were found in them. Skipping unneeded JARs during scanning can improve startup time and JSP compilation time.
14-May-2019 00:01:17.278 INFO [localhost-startStop-2] org.apache.catalina.startup.HostConfig.deployWAR Deployment of web application archive [/var/lib/tomcat8/webapps/viewshopmap_war.war] has finished in [1,264] ms
14-May-2019 00:02:07.284 INFO [ContainerBackgroundProcessor[StandardEngine[Catalina]]] org.apache.catalina.startup.HostConfig.undeploy Undeploying context [/viewshopmap_war]
14-May-2019 00:02:07.315 INFO [localhost-startStop-3] org.apache.catalina.startup.HostConfig.deployWAR Deploying web application archive [/var/lib/tomcat8/webapps/viewshopmap_war.war]
14-May-2019 00:02:08.311 INFO [localhost-startStop-3] org.apache.jasper.servlet.TldScanner.scanJars At least one JAR was scanned for TLDs yet contained no TLDs. Enable debug logging for this logger for a complete list of JARs that were scanned but no TLDs were found in them. Skipping unneeded JARs during scanning can improve startup time and JSP compilation time.
14-May-2019 00:02:08.322 INFO [localhost-startStop-3] org.apache.catalina.startup.HostConfig.deployWAR Deployment of web application archive [/var/lib/tomcat8/webapps/viewshopmap_war.war] has finished in [1,007] ms
14-May-2019 00:02:21.199 INFO [Thread-4] org.apache.coyote.AbstractProtocol.pause Pausing ProtocolHandler ["http-nio-8080"]
14-May-2019 00:02:21.219 INFO [Thread-4] org.apache.catalina.core.StandardService.stopInternal Stopping service [Catalina]
14-May-2019 00:02:21.247 INFO [Thread-4] org.apache.coyote.AbstractProtocol.stop Stopping ProtocolHandler ["http-nio-8080"]
14-May-2019 00:02:21.252 INFO [Thread-4] org.apache.coyote.AbstractProtocol.destroy Destroying ProtocolHandler ["http-nio-8080"]
14-May-2019 00:02:43.407 WARNING [main] org.apache.catalina.startup.ClassLoaderFactory.validateFile Problem with directory [/var/lib/tomcat8/common/classes], exists: [false], isDirectory: [false], canRead: [false]
14-May-2019 00:02:43.411 WARNING [main] org.apache.catalina.startup.ClassLoaderFactory.validateFile Problem with directory [/var/lib/tomcat8/common], exists: [false], isDirectory: [false], canRead: [false]
14-May-2019 00:02:43.411 WARNING [main] org.apache.catalina.startup.ClassLoaderFactory.validateFile Problem with directory [/usr/share/tomcat8/common/classes], exists: [false], isDirectory: [false], canRead: [false]
14-May-2019 00:02:43.413 WARNING [main] org.apache.catalina.startup.ClassLoaderFactory.validateFile Problem with directory [/usr/share/tomcat8/common], exists: [false], isDirectory: [false], canRead: [false]
14-May-2019 00:02:43.425 WARNING [main] org.apache.catalina.startup.ClassLoaderFactory.validateFile Problem with directory [/var/lib/tomcat8/server/classes], exists: [false], isDirectory: [false], canRead: [false]
14-May-2019 00:02:43.427 WARNING [main] org.apache.catalina.startup.ClassLoaderFactory.validateFile Problem with directory [/var/lib/tomcat8/server], exists: [false], isDirectory: [false], canRead: [false]
14-May-2019 00:02:43.427 WARNING [main] org.apache.catalina.startup.ClassLoaderFactory.validateFile Problem with directory [/usr/share/tomcat8/server/classes], exists: [false], isDirectory: [false], canRead: [false]
14-May-2019 00:02:43.427 WARNING [main] org.apache.catalina.startup.ClassLoaderFactory.validateFile Problem with directory [/usr/share/tomcat8/server], exists: [false], isDirectory: [false], canRead: [false]
14-May-2019 00:02:43.428 WARNING [main] org.apache.catalina.startup.ClassLoaderFactory.validateFile Problem with directory [/var/lib/tomcat8/shared/classes], exists: [false], isDirectory: [false], canRead: [false]
14-May-2019 00:02:43.429 WARNING [main] org.apache.catalina.startup.ClassLoaderFactory.validateFile Problem with directory [/var/lib/tomcat8/shared], exists: [false], isDirectory: [false], canRead: [false]
14-May-2019 00:02:43.429 WARNING [main] org.apache.catalina.startup.ClassLoaderFactory.validateFile Problem with directory [/usr/share/tomcat8/shared/classes], exists: [false], isDirectory: [false], canRead: [false]
14-May-2019 00:02:43.430 WARNING [main] org.apache.catalina.startup.ClassLoaderFactory.validateFile Problem with directory [/usr/share/tomcat8/shared], exists: [false], isDirectory: [false], canRead: [false]
14-May-2019 00:02:44.397 INFO [main] org.apache.catalina.startup.VersionLoggerListener.log Server version:        Apache Tomcat/8.5.39 (Ubuntu)
14-May-2019 00:02:44.398 INFO [main] org.apache.catalina.startup.VersionLoggerListener.log Server built:          Apr 10 2019 04:45:09 UTC
14-May-2019 00:02:44.398 INFO [main] org.apache.catalina.startup.VersionLoggerListener.log Server number:         8.5.39.0
14-May-2019 00:02:44.399 INFO [main] org.apache.catalina.startup.VersionLoggerListener.log OS Name:               Linux
14-May-2019 00:02:44.399 INFO [main] org.apache.catalina.startup.VersionLoggerListener.log OS Version:            4.15.0-43-generic
14-May-2019 00:02:44.399 INFO [main] org.apache.catalina.startup.VersionLoggerListener.log Architecture:          amd64
14-May-2019 00:02:44.399 INFO [main] org.apache.catalina.startup.VersionLoggerListener.log Java Home:             /usr/lib/jvm/java-8-openjdk-amd64/jre
14-May-2019 00:02:44.400 INFO [main] org.apache.catalina.startup.VersionLoggerListener.log JVM Version:           1.8.0_191-8u191-b12-2ubuntu0.18.04.1-b12
14-May-2019 00:02:44.400 INFO [main] org.apache.catalina.startup.VersionLoggerListener.log JVM Vendor:            Oracle Corporation
14-May-2019 00:02:44.400 INFO [main] org.apache.catalina.startup.VersionLoggerListener.log CATALINA_BASE:         /var/lib/tomcat8
14-May-2019 00:02:44.401 INFO [main] org.apache.catalina.startup.VersionLoggerListener.log CATALINA_HOME:         /usr/share/tomcat8
14-May-2019 00:02:44.402 INFO [main] org.apache.catalina.startup.VersionLoggerListener.log Command line argument: -Djava.util.logging.config.file=/var/lib/tomcat8/conf/logging.properties
14-May-2019 00:02:44.402 INFO [main] org.apache.catalina.startup.VersionLoggerListener.log Command line argument: -Djava.util.logging.manager=org.apache.juli.ClassLoaderLogManager
14-May-2019 00:02:44.402 INFO [main] org.apache.catalina.startup.VersionLoggerListener.log Command line argument: -Djava.awt.headless=true
14-May-2019 00:02:44.402 INFO [main] org.apache.catalina.startup.VersionLoggerListener.log Command line argument: -XX:+UseConcMarkSweepGC
14-May-2019 00:02:44.402 INFO [main] org.apache.catalina.startup.VersionLoggerListener.log Command line argument: -Djdk.tls.ephemeralDHKeySize=2048
14-May-2019 00:02:44.403 INFO [main] org.apache.catalina.startup.VersionLoggerListener.log Command line argument: -Djava.protocol.handler.pkgs=org.apache.catalina.webresources
14-May-2019 00:02:44.403 INFO [main] org.apache.catalina.startup.VersionLoggerListener.log Command line argument: -Dorg.apache.catalina.security.SecurityListener.UMASK=0027
14-May-2019 00:02:44.403 INFO [main] org.apache.catalina.startup.VersionLoggerListener.log Command line argument: -Dignore.endorsed.dirs=
14-May-2019 00:02:44.403 INFO [main] org.apache.catalina.startup.VersionLoggerListener.log Command line argument: -Dcatalina.base=/var/lib/tomcat8
14-May-2019 00:02:44.404 INFO [main] org.apache.catalina.startup.VersionLoggerListener.log Command line argument: -Dcatalina.home=/usr/share/tomcat8
14-May-2019 00:02:44.404 INFO [main] org.apache.catalina.startup.VersionLoggerListener.log Command line argument: -Djava.io.tmpdir=/tmp/tomcat8-tomcat8-tmp
14-May-2019 00:02:44.404 INFO [main] org.apache.catalina.core.AprLifecycleListener.lifecycleEvent Loaded APR based Apache Tomcat Native library [1.2.21] using APR version [1.6.3].
14-May-2019 00:02:44.406 INFO [main] org.apache.catalina.core.AprLifecycleListener.lifecycleEvent APR capabilities: IPv6 [true], sendfile [true], accept filters [false], random [true].
14-May-2019 00:02:44.409 INFO [main] org.apache.catalina.core.AprLifecycleListener.lifecycleEvent APR/OpenSSL configuration: useAprConnector [false], useOpenSSL [true]
14-May-2019 00:02:44.417 INFO [main] org.apache.catalina.core.AprLifecycleListener.initializeSSL OpenSSL successfully initialized [OpenSSL 1.1.0g  2 Nov 2017]
14-May-2019 00:02:44.658 INFO [main] org.apache.coyote.AbstractProtocol.init Initializing ProtocolHandler ["http-nio-8080"]
14-May-2019 00:02:44.690 INFO [main] org.apache.tomcat.util.net.NioSelectorPool.getSharedSelector Using a shared selector for servlet write/read
14-May-2019 00:02:44.727 INFO [main] org.apache.catalina.startup.Catalina.load Initialization processed in 1239 ms
14-May-2019 00:02:44.784 INFO [main] org.apache.catalina.core.StandardService.startInternal Starting service [Catalina]
14-May-2019 00:02:44.785 INFO [main] org.apache.catalina.core.StandardEngine.startInternal Starting Servlet Engine: Apache Tomcat/8.5.39 (Ubuntu)
14-May-2019 00:02:44.831 INFO [localhost-startStop-1] org.apache.catalina.startup.HostConfig.deployWAR Deploying web application archive [/var/lib/tomcat8/webapps/viewshopmap_war.war]
14-May-2019 00:02:46.618 INFO [localhost-startStop-1] org.apache.jasper.servlet.TldScanner.scanJars At least one JAR was scanned for TLDs yet contained no TLDs. Enable debug logging for this logger for a complete list of JARs that were scanned but no TLDs were found in them. Skipping unneeded JARs during scanning can improve startup time and JSP compilation time.
14-May-2019 00:02:46.713 INFO [localhost-startStop-1] org.apache.catalina.startup.HostConfig.deployWAR Deployment of web application archive [/var/lib/tomcat8/webapps/viewshopmap_war.war] has finished in [1,881] ms
14-May-2019 00:02:46.715 INFO [localhost-startStop-1] org.apache.catalina.startup.HostConfig.deployDirectory Deploying web application directory [/var/lib/tomcat8/webapps/ROOT]
14-May-2019 00:02:47.599 INFO [localhost-startStop-1] org.apache.jasper.servlet.TldScanner.scanJars At least one JAR was scanned for TLDs yet contained no TLDs. Enable debug logging for this logger for a complete list of JARs that were scanned but no TLDs were found in them. Skipping unneeded JARs during scanning can improve startup time and JSP compilation time.
14-May-2019 00:02:47.609 INFO [localhost-startStop-1] org.apache.catalina.startup.HostConfig.deployDirectory Deployment of web application directory [/var/lib/tomcat8/webapps/ROOT] has finished in [895] ms
14-May-2019 00:02:47.616 INFO [main] org.apache.coyote.AbstractProtocol.start Starting ProtocolHandler ["http-nio-8080"]
14-May-2019 00:02:47.642 INFO [main] org.apache.catalina.startup.Catalina.start Server startup in 2915 ms
14-May-2019 00:09:00.596 INFO [Thread-4] org.apache.coyote.AbstractProtocol.pause Pausing ProtocolHandler ["http-nio-8080"]
14-May-2019 00:09:00.614 INFO [Thread-4] org.apache.catalina.core.StandardService.stopInternal Stopping service [Catalina]
14-May-2019 00:09:00.667 INFO [Thread-4] org.apache.coyote.AbstractProtocol.stop Stopping ProtocolHandler ["http-nio-8080"]
14-May-2019 00:09:00.671 INFO [Thread-4] org.apache.coyote.AbstractProtocol.destroy Destroying ProtocolHandler ["http-nio-8080"]
14-May-2019 00:09:06.452 WARNING [main] org.apache.catalina.startup.ClassLoaderFactory.validateFile Problem with directory [/var/lib/tomcat8/common/classes], exists: [false], isDirectory: [false], canRead: [false]
14-May-2019 00:09:06.458 WARNING [main] org.apache.catalina.startup.ClassLoaderFactory.validateFile Problem with directory [/var/lib/tomcat8/common], exists: [false], isDirectory: [false], canRead: [false]
14-May-2019 00:09:06.458 WARNING [main] org.apache.catalina.startup.ClassLoaderFactory.validateFile Problem with directory [/usr/share/tomcat8/common/classes], exists: [false], isDirectory: [false], canRead: [false]
14-May-2019 00:09:06.459 WARNING [main] org.apache.catalina.startup.ClassLoaderFactory.validateFile Problem with directory [/usr/share/tomcat8/common], exists: [false], isDirectory: [false], canRead: [false]
14-May-2019 00:09:06.462 WARNING [main] org.apache.catalina.startup.ClassLoaderFactory.validateFile Problem with directory [/var/lib/tomcat8/server/classes], exists: [false], isDirectory: [false], canRead: [false]
14-May-2019 00:09:06.464 WARNING [main] org.apache.catalina.startup.ClassLoaderFactory.validateFile Problem with directory [/var/lib/tomcat8/server], exists: [false], isDirectory: [false], canRead: [false]
14-May-2019 00:09:06.464 WARNING [main] org.apache.catalina.startup.ClassLoaderFactory.validateFile Problem with directory [/usr/share/tomcat8/server/classes], exists: [false], isDirectory: [false], canRead: [false]
14-May-2019 00:09:06.464 WARNING [main] org.apache.catalina.startup.ClassLoaderFactory.validateFile Problem with directory [/usr/share/tomcat8/server], exists: [false], isDirectory: [false], canRead: [false]
14-May-2019 00:09:06.465 WARNING [main] org.apache.catalina.startup.ClassLoaderFactory.validateFile Problem with directory [/var/lib/tomcat8/shared/classes], exists: [false], isDirectory: [false], canRead: [false]
14-May-2019 00:09:06.466 WARNING [main] org.apache.catalina.startup.ClassLoaderFactory.validateFile Problem with directory [/var/lib/tomcat8/shared], exists: [false], isDirectory: [false], canRead: [false]
14-May-2019 00:09:06.466 WARNING [main] org.apache.catalina.startup.ClassLoaderFactory.validateFile Problem with directory [/usr/share/tomcat8/shared/classes], exists: [false], isDirectory: [false], canRead: [false]
14-May-2019 00:09:06.466 WARNING [main] org.apache.catalina.startup.ClassLoaderFactory.validateFile Problem with directory [/usr/share/tomcat8/shared], exists: [false], isDirectory: [false], canRead: [false]
14-May-2019 00:09:07.346 INFO [main] org.apache.catalina.startup.VersionLoggerListener.log Server version:        Apache Tomcat/8.5.39 (Ubuntu)
14-May-2019 00:09:07.350 INFO [main] org.apache.catalina.startup.VersionLoggerListener.log Server built:          Apr 10 2019 04:45:09 UTC
14-May-2019 00:09:07.350 INFO [main] org.apache.catalina.startup.VersionLoggerListener.log Server number:         8.5.39.0
14-May-2019 00:09:07.351 INFO [main] org.apache.catalina.startup.VersionLoggerListener.log OS Name:               Linux
14-May-2019 00:09:07.351 INFO [main] org.apache.catalina.startup.VersionLoggerListener.log OS Version:            4.15.0-43-generic
14-May-2019 00:09:07.351 INFO [main] org.apache.catalina.startup.VersionLoggerListener.log Architecture:          amd64
14-May-2019 00:09:07.352 INFO [main] org.apache.catalina.startup.VersionLoggerListener.log Java Home:             /usr/lib/jvm/java-8-openjdk-amd64/jre
14-May-2019 00:09:07.352 INFO [main] org.apache.catalina.startup.VersionLoggerListener.log JVM Version:           1.8.0_191-8u191-b12-2ubuntu0.18.04.1-b12
14-May-2019 00:09:07.352 INFO [main] org.apache.catalina.startup.VersionLoggerListener.log JVM Vendor:            Oracle Corporation
14-May-2019 00:09:07.353 INFO [main] org.apache.catalina.startup.VersionLoggerListener.log CATALINA_BASE:         /var/lib/tomcat8
14-May-2019 00:09:07.354 INFO [main] org.apache.catalina.startup.VersionLoggerListener.log CATALINA_HOME:         /usr/share/tomcat8
14-May-2019 00:09:07.354 INFO [main] org.apache.catalina.startup.VersionLoggerListener.log Command line argument: -Djava.util.logging.config.file=/var/lib/tomcat8/conf/logging.properties
14-May-2019 00:09:07.354 INFO [main] org.apache.catalina.startup.VersionLoggerListener.log Command line argument: -Djava.util.logging.manager=org.apache.juli.ClassLoaderLogManager
14-May-2019 00:09:07.354 INFO [main] org.apache.catalina.startup.VersionLoggerListener.log Command line argument: -Djava.awt.headless=true
14-May-2019 00:09:07.355 INFO [main] org.apache.catalina.startup.VersionLoggerListener.log Command line argument: -XX:+UseConcMarkSweepGC
14-May-2019 00:09:07.355 INFO [main] org.apache.catalina.startup.VersionLoggerListener.log Command line argument: -Djdk.tls.ephemeralDHKeySize=2048
14-May-2019 00:09:07.355 INFO [main] org.apache.catalina.startup.VersionLoggerListener.log Command line argument: -Djava.protocol.handler.pkgs=org.apache.catalina.webresources
14-May-2019 00:09:07.355 INFO [main] org.apache.catalina.startup.VersionLoggerListener.log Command line argument: -Dorg.apache.catalina.security.SecurityListener.UMASK=0027
14-May-2019 00:09:07.355 INFO [main] org.apache.catalina.startup.VersionLoggerListener.log Command line argument: -Dignore.endorsed.dirs=
14-May-2019 00:09:07.356 INFO [main] org.apache.catalina.startup.VersionLoggerListener.log Command line argument: -Dcatalina.base=/var/lib/tomcat8
14-May-2019 00:09:07.356 INFO [main] org.apache.catalina.startup.VersionLoggerListener.log Command line argument: -Dcatalina.home=/usr/share/tomcat8
14-May-2019 00:09:07.357 INFO [main] org.apache.catalina.startup.VersionLoggerListener.log Command line argument: -Djava.io.tmpdir=/tmp/tomcat8-tomcat8-tmp
14-May-2019 00:09:07.358 INFO [main] org.apache.catalina.core.AprLifecycleListener.lifecycleEvent Loaded APR based Apache Tomcat Native library [1.2.21] using APR version [1.6.3].
14-May-2019 00:09:07.362 INFO [main] org.apache.catalina.core.AprLifecycleListener.lifecycleEvent APR capabilities: IPv6 [true], sendfile [true], accept filters [false], random [true].
14-May-2019 00:09:07.362 INFO [main] org.apache.catalina.core.AprLifecycleListener.lifecycleEvent APR/OpenSSL configuration: useAprConnector [false], useOpenSSL [true]
14-May-2019 00:09:07.366 INFO [main] org.apache.catalina.core.AprLifecycleListener.initializeSSL OpenSSL successfully initialized [OpenSSL 1.1.0g  2 Nov 2017]
14-May-2019 00:09:07.572 INFO [main] org.apache.coyote.AbstractProtocol.init Initializing ProtocolHandler ["http-nio-8080"]
14-May-2019 00:09:07.601 INFO [main] org.apache.tomcat.util.net.NioSelectorPool.getSharedSelector Using a shared selector for servlet write/read
14-May-2019 00:09:07.628 INFO [main] org.apache.catalina.startup.Catalina.load Initialization processed in 1109 ms
14-May-2019 00:09:07.698 INFO [main] org.apache.catalina.core.StandardService.startInternal Starting service [Catalina]
14-May-2019 00:09:07.702 INFO [main] org.apache.catalina.core.StandardEngine.startInternal Starting Servlet Engine: Apache Tomcat/8.5.39 (Ubuntu)
14-May-2019 00:09:07.749 INFO [localhost-startStop-1] org.apache.catalina.startup.HostConfig.deployWAR Deploying web application archive [/var/lib/tomcat8/webapps/viewshopmap_war.war]
14-May-2019 00:09:09.528 INFO [localhost-startStop-1] org.apache.jasper.servlet.TldScanner.scanJars At least one JAR was scanned for TLDs yet contained no TLDs. Enable debug logging for this logger for a complete list of JARs that were scanned but no TLDs were found in them. Skipping unneeded JARs during scanning can improve startup time and JSP compilation time.
14-May-2019 00:09:09.624 INFO [localhost-startStop-1] org.apache.catalina.startup.HostConfig.deployWAR Deployment of web application archive [/var/lib/tomcat8/webapps/viewshopmap_war.war] has finished in [1,875] ms
14-May-2019 00:09:09.625 INFO [localhost-startStop-1] org.apache.catalina.startup.HostConfig.deployDirectory Deploying web application directory [/var/lib/tomcat8/webapps/ROOT]
14-May-2019 00:09:10.591 INFO [localhost-startStop-1] org.apache.jasper.servlet.TldScanner.scanJars At least one JAR was scanned for TLDs yet contained no TLDs. Enable debug logging for this logger for a complete list of JARs that were scanned but no TLDs were found in them. Skipping unneeded JARs during scanning can improve startup time and JSP compilation time.
14-May-2019 00:09:10.600 INFO [localhost-startStop-1] org.apache.catalina.startup.HostConfig.deployDirectory Deployment of web application directory [/var/lib/tomcat8/webapps/ROOT] has finished in [975] ms
14-May-2019 00:09:10.611 INFO [main] org.apache.coyote.AbstractProtocol.start Starting ProtocolHandler ["http-nio-8080"]
14-May-2019 00:09:10.634 INFO [main] org.apache.catalina.startup.Catalina.start Server startup in 2998 ms
14-May-2019 00:16:41.187 INFO [ContainerBackgroundProcessor[StandardEngine[Catalina]]] org.apache.catalina.startup.HostConfig.undeploy Undeploying context [/viewshopmap_war]
14-May-2019 00:17:41.226 INFO [localhost-startStop-2] org.apache.catalina.startup.HostConfig.deployWAR Deploying web application archive [/var/lib/tomcat8/webapps/viewshopmap_war.war]
14-May-2019 00:17:42.363 INFO [localhost-startStop-2] org.apache.jasper.servlet.TldScanner.scanJars At least one JAR was scanned for TLDs yet contained no TLDs. Enable debug logging for this logger for a complete list of JARs that were scanned but no TLDs were found in them. Skipping unneeded JARs during scanning can improve startup time and JSP compilation time.
14-May-2019 00:17:42.384 INFO [localhost-startStop-2] org.apache.catalina.startup.HostConfig.deployWAR Deployment of web application archive [/var/lib/tomcat8/webapps/viewshopmap_war.war] has finished in [1,157] ms
14-May-2019 00:23:12.436 INFO [ContainerBackgroundProcessor[StandardEngine[Catalina]]] org.apache.catalina.startup.HostConfig.undeploy Undeploying context [/viewshopmap_war]
14-May-2019 00:23:12.463 INFO [localhost-startStop-3] org.apache.catalina.startup.HostConfig.deployWAR Deploying web application archive [/var/lib/tomcat8/webapps/viewshopmap_war.war]
14-May-2019 00:23:13.626 INFO [localhost-startStop-3] org.apache.jasper.servlet.TldScanner.scanJars At least one JAR was scanned for TLDs yet contained no TLDs. Enable debug logging for this logger for a complete list of JARs that were scanned but no TLDs were found in them. Skipping unneeded JARs during scanning can improve startup time and JSP compilation time.
14-May-2019 00:23:13.638 INFO [localhost-startStop-3] org.apache.catalina.startup.HostConfig.deployWAR Deployment of web application archive [/var/lib/tomcat8/webapps/viewshopmap_war.war] has finished in [1,175] ms
14-May-2019 00:25:33.343 INFO [Thread-4] org.apache.coyote.AbstractProtocol.pause Pausing ProtocolHandler ["http-nio-8080"]
14-May-2019 00:25:33.359 INFO [Thread-4] org.apache.catalina.core.StandardService.stopInternal Stopping service [Catalina]
14-May-2019 00:25:33.405 INFO [Thread-4] org.apache.coyote.AbstractProtocol.stop Stopping ProtocolHandler ["http-nio-8080"]
14-May-2019 00:25:33.408 INFO [Thread-4] org.apache.coyote.AbstractProtocol.destroy Destroying ProtocolHandler ["http-nio-8080"]
14-May-2019 00:25:46.358 WARNING [main] org.apache.catalina.startup.ClassLoaderFactory.validateFile Problem with directory [/var/lib/tomcat8/common/classes], exists: [false], isDirectory: [false], canRead: [false]
14-May-2019 00:25:46.363 WARNING [main] org.apache.catalina.startup.ClassLoaderFactory.validateFile Problem with directory [/var/lib/tomcat8/common], exists: [false], isDirectory: [false], canRead: [false]
14-May-2019 00:25:46.363 WARNING [main] org.apache.catalina.startup.ClassLoaderFactory.validateFile Problem with directory [/usr/share/tomcat8/common/classes], exists: [false], isDirectory: [false], canRead: [false]
14-May-2019 00:25:46.365 WARNING [main] org.apache.catalina.startup.ClassLoaderFactory.validateFile Problem with directory [/usr/share/tomcat8/common], exists: [false], isDirectory: [false], canRead: [false]
14-May-2019 00:25:46.376 WARNING [main] org.apache.catalina.startup.ClassLoaderFactory.validateFile Problem with directory [/var/lib/tomcat8/server/classes], exists: [false], isDirectory: [false], canRead: [false]
14-May-2019 00:25:46.378 WARNING [main] org.apache.catalina.startup.ClassLoaderFactory.validateFile Problem with directory [/var/lib/tomcat8/server], exists: [false], isDirectory: [false], canRead: [false]
14-May-2019 00:25:46.378 WARNING [main] org.apache.catalina.startup.ClassLoaderFactory.validateFile Problem with directory [/usr/share/tomcat8/server/classes], exists: [false], isDirectory: [false], canRead: [false]
14-May-2019 00:25:46.378 WARNING [main] org.apache.catalina.startup.ClassLoaderFactory.validateFile Problem with directory [/usr/share/tomcat8/server], exists: [false], isDirectory: [false], canRead: [false]
14-May-2019 00:25:46.379 WARNING [main] org.apache.catalina.startup.ClassLoaderFactory.validateFile Problem with directory [/var/lib/tomcat8/shared/classes], exists: [false], isDirectory: [false], canRead: [false]
14-May-2019 00:25:46.380 WARNING [main] org.apache.catalina.startup.ClassLoaderFactory.validateFile Problem with directory [/var/lib/tomcat8/shared], exists: [false], isDirectory: [false], canRead: [false]
14-May-2019 00:25:46.380 WARNING [main] org.apache.catalina.startup.ClassLoaderFactory.validateFile Problem with directory [/usr/share/tomcat8/shared/classes], exists: [false], isDirectory: [false], canRead: [false]
14-May-2019 00:25:46.380 WARNING [main] org.apache.catalina.startup.ClassLoaderFactory.validateFile Problem with directory [/usr/share/tomcat8/shared], exists: [false], isDirectory: [false], canRead: [false]
14-May-2019 00:25:47.377 INFO [main] org.apache.catalina.startup.VersionLoggerListener.log Server version:        Apache Tomcat/8.5.39 (Ubuntu)
14-May-2019 00:25:47.378 INFO [main] org.apache.catalina.startup.VersionLoggerListener.log Server built:          Apr 10 2019 04:45:09 UTC
14-May-2019 00:25:47.378 INFO [main] org.apache.catalina.startup.VersionLoggerListener.log Server number:         8.5.39.0
14-May-2019 00:25:47.378 INFO [main] org.apache.catalina.startup.VersionLoggerListener.log OS Name:               Linux
14-May-2019 00:25:47.381 INFO [main] org.apache.catalina.startup.VersionLoggerListener.log OS Version:            4.15.0-43-generic
14-May-2019 00:25:47.382 INFO [main] org.apache.catalina.startup.VersionLoggerListener.log Architecture:          amd64
14-May-2019 00:25:47.382 INFO [main] org.apache.catalina.startup.VersionLoggerListener.log Java Home:             /usr/lib/jvm/java-8-openjdk-amd64/jre
14-May-2019 00:25:47.382 INFO [main] org.apache.catalina.startup.VersionLoggerListener.log JVM Version:           1.8.0_191-8u191-b12-2ubuntu0.18.04.1-b12
14-May-2019 00:25:47.382 INFO [main] org.apache.catalina.startup.VersionLoggerListener.log JVM Vendor:            Oracle Corporation
14-May-2019 00:25:47.383 INFO [main] org.apache.catalina.startup.VersionLoggerListener.log CATALINA_BASE:         /var/lib/tomcat8
14-May-2019 00:25:47.384 INFO [main] org.apache.catalina.startup.VersionLoggerListener.log CATALINA_HOME:         /usr/share/tomcat8
14-May-2019 00:25:47.384 INFO [main] org.apache.catalina.startup.VersionLoggerListener.log Command line argument: -Djava.util.logging.config.file=/var/lib/tomcat8/conf/logging.properties
14-May-2019 00:25:47.385 INFO [main] org.apache.catalina.startup.VersionLoggerListener.log Command line argument: -Djava.util.logging.manager=org.apache.juli.ClassLoaderLogManager
14-May-2019 00:25:47.385 INFO [main] org.apache.catalina.startup.VersionLoggerListener.log Command line argument: -Djava.awt.headless=true
14-May-2019 00:25:47.385 INFO [main] org.apache.catalina.startup.VersionLoggerListener.log Command line argument: -XX:+UseConcMarkSweepGC
14-May-2019 00:25:47.385 INFO [main] org.apache.catalina.startup.VersionLoggerListener.log Command line argument: -Djdk.tls.ephemeralDHKeySize=2048
14-May-2019 00:25:47.385 INFO [main] org.apache.catalina.startup.VersionLoggerListener.log Command line argument: -Djava.protocol.handler.pkgs=org.apache.catalina.webresources
14-May-2019 00:25:47.386 INFO [main] org.apache.catalina.startup.VersionLoggerListener.log Command line argument: -Dorg.apache.catalina.security.SecurityListener.UMASK=0027
14-May-2019 00:25:47.386 INFO [main] org.apache.catalina.startup.VersionLoggerListener.log Command line argument: -Dignore.endorsed.dirs=
14-May-2019 00:25:47.386 INFO [main] org.apache.catalina.startup.VersionLoggerListener.log Command line argument: -Dcatalina.base=/var/lib/tomcat8
14-May-2019 00:25:47.387 INFO [main] org.apache.catalina.startup.VersionLoggerListener.log Command line argument: -Dcatalina.home=/usr/share/tomcat8
14-May-2019 00:25:47.387 INFO [main] org.apache.catalina.startup.VersionLoggerListener.log Command line argument: -Djava.io.tmpdir=/tmp/tomcat8-tomcat8-tmp
14-May-2019 00:25:47.387 INFO [main] org.apache.catalina.core.AprLifecycleListener.lifecycleEvent Loaded APR based Apache Tomcat Native library [1.2.21] using APR version [1.6.3].
14-May-2019 00:25:47.390 INFO [main] org.apache.catalina.core.AprLifecycleListener.lifecycleEvent APR capabilities: IPv6 [true], sendfile [true], accept filters [false], random [true].
14-May-2019 00:25:47.390 INFO [main] org.apache.catalina.core.AprLifecycleListener.lifecycleEvent APR/OpenSSL configuration: useAprConnector [false], useOpenSSL [true]
14-May-2019 00:25:47.398 INFO [main] org.apache.catalina.core.AprLifecycleListener.initializeSSL OpenSSL successfully initialized [OpenSSL 1.1.0g  2 Nov 2017]
14-May-2019 00:25:47.604 INFO [main] org.apache.coyote.AbstractProtocol.init Initializing ProtocolHandler ["http-nio-8080"]
14-May-2019 00:25:47.633 INFO [main] org.apache.tomcat.util.net.NioSelectorPool.getSharedSelector Using a shared selector for servlet write/read
14-May-2019 00:25:47.660 INFO [main] org.apache.catalina.startup.Catalina.load Initialization processed in 1223 ms
14-May-2019 00:25:47.714 INFO [main] org.apache.catalina.core.StandardService.startInternal Starting service [Catalina]
14-May-2019 00:25:47.717 INFO [main] org.apache.catalina.core.StandardEngine.startInternal Starting Servlet Engine: Apache Tomcat/8.5.39 (Ubuntu)
14-May-2019 00:25:47.764 INFO [localhost-startStop-1] org.apache.catalina.startup.HostConfig.deployWAR Deploying web application archive [/var/lib/tomcat8/webapps/viewshopmap_war.war]
14-May-2019 00:25:49.540 INFO [localhost-startStop-1] org.apache.jasper.servlet.TldScanner.scanJars At least one JAR was scanned for TLDs yet contained no TLDs. Enable debug logging for this logger for a complete list of JARs that were scanned but no TLDs were found in them. Skipping unneeded JARs during scanning can improve startup time and JSP compilation time.
14-May-2019 00:25:49.630 INFO [localhost-startStop-1] org.apache.catalina.startup.HostConfig.deployWAR Deployment of web application archive [/var/lib/tomcat8/webapps/viewshopmap_war.war] has finished in [1,866] ms
14-May-2019 00:25:49.632 INFO [localhost-startStop-1] org.apache.catalina.startup.HostConfig.deployDirectory Deploying web application directory [/var/lib/tomcat8/webapps/ROOT]
14-May-2019 00:25:50.525 INFO [localhost-startStop-1] org.apache.jasper.servlet.TldScanner.scanJars At least one JAR was scanned for TLDs yet contained no TLDs. Enable debug logging for this logger for a complete list of JARs that were scanned but no TLDs were found in them. Skipping unneeded JARs during scanning can improve startup time and JSP compilation time.
14-May-2019 00:25:50.536 INFO [localhost-startStop-1] org.apache.catalina.startup.HostConfig.deployDirectory Deployment of web application directory [/var/lib/tomcat8/webapps/ROOT] has finished in [904] ms
14-May-2019 00:25:50.549 INFO [main] org.apache.coyote.AbstractProtocol.start Starting ProtocolHandler ["http-nio-8080"]
14-May-2019 00:25:50.577 INFO [main] org.apache.catalina.startup.Catalina.start Server startup in 2915 ms
14-May-2019 00:30:31.189 INFO [Thread-4] org.apache.coyote.AbstractProtocol.pause Pausing ProtocolHandler ["http-nio-8080"]
14-May-2019 00:30:31.201 INFO [Thread-4] org.apache.catalina.core.StandardService.stopInternal Stopping service [Catalina]
14-May-2019 00:30:31.250 INFO [Thread-4] org.apache.coyote.AbstractProtocol.stop Stopping ProtocolHandler ["http-nio-8080"]
14-May-2019 00:30:31.255 INFO [Thread-4] org.apache.coyote.AbstractProtocol.destroy Destroying ProtocolHandler ["http-nio-8080"]
14-May-2019 00:30:31.608 WARNING [main] org.apache.catalina.startup.ClassLoaderFactory.validateFile Problem with directory [/var/lib/tomcat8/common/classes], exists: [false], isDirectory: [false], canRead: [false]
14-May-2019 00:30:31.614 WARNING [main] org.apache.catalina.startup.ClassLoaderFactory.validateFile Problem with directory [/var/lib/tomcat8/common], exists: [false], isDirectory: [false], canRead: [false]
14-May-2019 00:30:31.615 WARNING [main] org.apache.catalina.startup.ClassLoaderFactory.validateFile Problem with directory [/usr/share/tomcat8/common/classes], exists: [false], isDirectory: [false], canRead: [false]
14-May-2019 00:30:31.616 WARNING [main] org.apache.catalina.startup.ClassLoaderFactory.validateFile Problem with directory [/usr/share/tomcat8/common], exists: [false], isDirectory: [false], canRead: [false]
14-May-2019 00:30:31.619 WARNING [main] org.apache.catalina.startup.ClassLoaderFactory.validateFile Problem with directory [/var/lib/tomcat8/server/classes], exists: [false], isDirectory: [false], canRead: [false]
14-May-2019 00:30:31.622 WARNING [main] org.apache.catalina.startup.ClassLoaderFactory.validateFile Problem with directory [/var/lib/tomcat8/server], exists: [false], isDirectory: [false], canRead: [false]
14-May-2019 00:30:31.622 WARNING [main] org.apache.catalina.startup.ClassLoaderFactory.validateFile Problem with directory [/usr/share/tomcat8/server/classes], exists: [false], isDirectory: [false], canRead: [false]
14-May-2019 00:30:31.622 WARNING [main] org.apache.catalina.startup.ClassLoaderFactory.validateFile Problem with directory [/usr/share/tomcat8/server], exists: [false], isDirectory: [false], canRead: [false]
14-May-2019 00:30:31.623 WARNING [main] org.apache.catalina.startup.ClassLoaderFactory.validateFile Problem with directory [/var/lib/tomcat8/shared/classes], exists: [false], isDirectory: [false], canRead: [false]
14-May-2019 00:30:31.624 WARNING [main] org.apache.catalina.startup.ClassLoaderFactory.validateFile Problem with directory [/var/lib/tomcat8/shared], exists: [false], isDirectory: [false], canRead: [false]
14-May-2019 00:30:31.624 WARNING [main] org.apache.catalina.startup.ClassLoaderFactory.validateFile Problem with directory [/usr/share/tomcat8/shared/classes], exists: [false], isDirectory: [false], canRead: [false]
14-May-2019 00:30:31.625 WARNING [main] org.apache.catalina.startup.ClassLoaderFactory.validateFile Problem with directory [/usr/share/tomcat8/shared], exists: [false], isDirectory: [false], canRead: [false]
14-May-2019 00:30:32.574 INFO [main] org.apache.catalina.startup.VersionLoggerListener.log Server version:        Apache Tomcat/8.5.39 (Ubuntu)
14-May-2019 00:30:32.578 INFO [main] org.apache.catalina.startup.VersionLoggerListener.log Server built:          Apr 10 2019 04:45:09 UTC
14-May-2019 00:30:32.579 INFO [main] org.apache.catalina.startup.VersionLoggerListener.log Server number:         8.5.39.0
14-May-2019 00:30:32.579 INFO [main] org.apache.catalina.startup.VersionLoggerListener.log OS Name:               Linux
14-May-2019 00:30:32.579 INFO [main] org.apache.catalina.startup.VersionLoggerListener.log OS Version:            4.15.0-43-generic
14-May-2019 00:30:32.580 INFO [main] org.apache.catalina.startup.VersionLoggerListener.log Architecture:          amd64
14-May-2019 00:30:32.580 INFO [main] org.apache.catalina.startup.VersionLoggerListener.log Java Home:             /usr/lib/jvm/java-8-openjdk-amd64/jre
14-May-2019 00:30:32.580 INFO [main] org.apache.catalina.startup.VersionLoggerListener.log JVM Version:           1.8.0_191-8u191-b12-2ubuntu0.18.04.1-b12
14-May-2019 00:30:32.580 INFO [main] org.apache.catalina.startup.VersionLoggerListener.log JVM Vendor:            Oracle Corporation
14-May-2019 00:30:32.581 INFO [main] org.apache.catalina.startup.VersionLoggerListener.log CATALINA_BASE:         /var/lib/tomcat8
14-May-2019 00:30:32.582 INFO [main] org.apache.catalina.startup.VersionLoggerListener.log CATALINA_HOME:         /usr/share/tomcat8
14-May-2019 00:30:32.583 INFO [main] org.apache.catalina.startup.VersionLoggerListener.log Command line argument: -Djava.util.logging.config.file=/var/lib/tomcat8/conf/logging.properties
14-May-2019 00:30:32.589 INFO [main] org.apache.catalina.startup.VersionLoggerListener.log Command line argument: -Djava.util.logging.manager=org.apache.juli.ClassLoaderLogManager
14-May-2019 00:30:32.590 INFO [main] org.apache.catalina.startup.VersionLoggerListener.log Command line argument: -Djava.awt.headless=true
14-May-2019 00:30:32.590 INFO [main] org.apache.catalina.startup.VersionLoggerListener.log Command line argument: -XX:+UseConcMarkSweepGC
14-May-2019 00:30:32.590 INFO [main] org.apache.catalina.startup.VersionLoggerListener.log Command line argument: -Djdk.tls.ephemeralDHKeySize=2048
14-May-2019 00:30:32.590 INFO [main] org.apache.catalina.startup.VersionLoggerListener.log Command line argument: -Djava.protocol.handler.pkgs=org.apache.catalina.webresources
14-May-2019 00:30:32.591 INFO [main] org.apache.catalina.startup.VersionLoggerListener.log Command line argument: -Dorg.apache.catalina.security.SecurityListener.UMASK=0027
14-May-2019 00:30:32.591 INFO [main] org.apache.catalina.startup.VersionLoggerListener.log Command line argument: -Dignore.endorsed.dirs=
14-May-2019 00:30:32.592 INFO [main] org.apache.catalina.startup.VersionLoggerListener.log Command line argument: -Dcatalina.base=/var/lib/tomcat8
14-May-2019 00:30:32.592 INFO [main] org.apache.catalina.startup.VersionLoggerListener.log Command line argument: -Dcatalina.home=/usr/share/tomcat8
14-May-2019 00:30:32.593 INFO [main] org.apache.catalina.startup.VersionLoggerListener.log Command line argument: -Djava.io.tmpdir=/tmp/tomcat8-tomcat8-tmp
14-May-2019 00:30:32.593 INFO [main] org.apache.catalina.core.AprLifecycleListener.lifecycleEvent Loaded APR based Apache Tomcat Native library [1.2.21] using APR version [1.6.3].
14-May-2019 00:30:32.594 INFO [main] org.apache.catalina.core.AprLifecycleListener.lifecycleEvent APR capabilities: IPv6 [true], sendfile [true], accept filters [false], random [true].
14-May-2019 00:30:32.594 INFO [main] org.apache.catalina.core.AprLifecycleListener.lifecycleEvent APR/OpenSSL configuration: useAprConnector [false], useOpenSSL [true]
14-May-2019 00:30:32.599 INFO [main] org.apache.catalina.core.AprLifecycleListener.initializeSSL OpenSSL successfully initialized [OpenSSL 1.1.0g  2 Nov 2017]
14-May-2019 00:30:32.831 INFO [main] org.apache.coyote.AbstractProtocol.init Initializing ProtocolHandler ["http-nio-8080"]
14-May-2019 00:30:32.862 INFO [main] org.apache.tomcat.util.net.NioSelectorPool.getSharedSelector Using a shared selector for servlet write/read
14-May-2019 00:30:32.899 INFO [main] org.apache.catalina.startup.Catalina.load Initialization processed in 1217 ms
14-May-2019 00:30:32.951 INFO [main] org.apache.catalina.core.StandardService.startInternal Starting service [Catalina]
14-May-2019 00:30:32.951 INFO [main] org.apache.catalina.core.StandardEngine.startInternal Starting Servlet Engine: Apache Tomcat/8.5.39 (Ubuntu)
14-May-2019 00:30:33.003 INFO [localhost-startStop-1] org.apache.catalina.startup.HostConfig.deployWAR Deploying web application archive [/var/lib/tomcat8/webapps/viewshopmap_war.war]
14-May-2019 00:30:34.870 INFO [localhost-startStop-1] org.apache.jasper.servlet.TldScanner.scanJars At least one JAR was scanned for TLDs yet contained no TLDs. Enable debug logging for this logger for a complete list of JARs that were scanned but no TLDs were found in them. Skipping unneeded JARs during scanning can improve startup time and JSP compilation time.
14-May-2019 00:30:34.972 INFO [localhost-startStop-1] org.apache.catalina.startup.HostConfig.deployWAR Deployment of web application archive [/var/lib/tomcat8/webapps/viewshopmap_war.war] has finished in [1,968] ms
14-May-2019 00:30:34.973 INFO [localhost-startStop-1] org.apache.catalina.startup.HostConfig.deployDirectory Deploying web application directory [/var/lib/tomcat8/webapps/ROOT]
14-May-2019 00:30:35.968 INFO [localhost-startStop-1] org.apache.jasper.servlet.TldScanner.scanJars At least one JAR was scanned for TLDs yet contained no TLDs. Enable debug logging for this logger for a complete list of JARs that were scanned but no TLDs were found in them. Skipping unneeded JARs during scanning can improve startup time and JSP compilation time.
14-May-2019 00:30:35.978 INFO [localhost-startStop-1] org.apache.catalina.startup.HostConfig.deployDirectory Deployment of web application directory [/var/lib/tomcat8/webapps/ROOT] has finished in [1,004] ms
14-May-2019 00:30:35.990 INFO [main] org.apache.coyote.AbstractProtocol.start Starting ProtocolHandler ["http-nio-8080"]
14-May-2019 00:30:36.018 INFO [main] org.apache.catalina.startup.Catalina.start Server startup in 3117 ms
